<?xml version="1.0" encoding="UTF-8"?>
<testsuite xmlns:xsi="http://www.w3.org/2001/XMLSchema-instance" xsi:noNamespaceSchemaLocation="https://maven.apache.org/surefire/maven-surefire-plugin/xsd/surefire-test-report.xsd" name="MarkdownFactoryTest" time="0.75" tests="6" errors="0" skipped="0" failures="0">
  <properties>
    <property name="java.specification.version" value="17"/>
    <property name="sun.cpu.isalist" value="amd64"/>
    <property name="sun.jnu.encoding" value="Cp1252"/>
    <property name="java.class.path" value="C:\Users\claud\OneDrive\Anlagen\Uni\Master\1. Semester\Clean Code\assignment_1\CC_LeitTHau\target\test-classes;C:\Users\claud\OneDrive\Anlagen\Uni\Master\1. Semester\Clean Code\assignment_1\CC_LeitTHau\target\classes;C:\Users\claud\.m2\repository\junit\junit\4.13.2\junit-4.13.2.jar;C:\Users\claud\.m2\repository\org\hamcrest\hamcrest-core\1.3\hamcrest-core-1.3.jar;C:\Users\claud\.m2\repository\com\google\cloud\google-cloud-translate\2.3.5\google-cloud-translate-2.3.5.jar;C:\Users\claud\.m2\repository\io\grpc\grpc-api\1.49.2\grpc-api-1.49.2.jar;C:\Users\claud\.m2\repository\io\grpc\grpc-context\1.49.2\grpc-context-1.49.2.jar;C:\Users\claud\.m2\repository\com\google\code\findbugs\jsr305\3.0.2\jsr305-3.0.2.jar;C:\Users\claud\.m2\repository\com\google\errorprone\error_prone_annotations\2.15.0\error_prone_annotations-2.15.0.jar;C:\Users\claud\.m2\repository\io\grpc\grpc-stub\1.49.2\grpc-stub-1.49.2.jar;C:\Users\claud\.m2\repository\io\grpc\grpc-protobuf\1.49.2\grpc-protobuf-1.49.2.jar;C:\Users\claud\.m2\repository\io\grpc\grpc-protobuf-lite\1.49.2\grpc-protobuf-lite-1.49.2.jar;C:\Users\claud\.m2\repository\com\google\api\api-common\2.2.1\api-common-2.2.1.jar;C:\Users\claud\.m2\repository\javax\annotation\javax.annotation-api\1.3.2\javax.annotation-api-1.3.2.jar;C:\Users\claud\.m2\repository\com\google\protobuf\protobuf-java\3.21.7\protobuf-java-3.21.7.jar;C:\Users\claud\.m2\repository\com\google\api\grpc\proto-google-common-protos\2.9.6\proto-google-common-protos-2.9.6.jar;C:\Users\claud\.m2\repository\com\google\api\grpc\proto-google-cloud-translate-v3beta1\0.85.5\proto-google-cloud-translate-v3beta1-0.85.5.jar;C:\Users\claud\.m2\repository\com\google\api\grpc\proto-google-cloud-translate-v3\2.3.5\proto-google-cloud-translate-v3-2.3.5.jar;C:\Users\claud\.m2\repository\com\google\guava\guava\31.1-jre\guava-31.1-jre.jar;C:\Users\claud\.m2\repository\com\google\guava\failureaccess\1.0.1\failureaccess-1.0.1.jar;C:\Users\claud\.m2\repository\com\google\guava\listenablefuture\9999.0-empty-to-avoid-conflict-with-guava\listenablefuture-9999.0-empty-to-avoid-conflict-with-guava.jar;C:\Users\claud\.m2\repository\org\checkerframework\checker-qual\3.25.0\checker-qual-3.25.0.jar;C:\Users\claud\.m2\repository\com\google\j2objc\j2objc-annotations\1.3\j2objc-annotations-1.3.jar;C:\Users\claud\.m2\repository\com\google\api\gax\2.19.2\gax-2.19.2.jar;C:\Users\claud\.m2\repository\com\google\api\gax-grpc\2.19.2\gax-grpc-2.19.2.jar;C:\Users\claud\.m2\repository\io\grpc\grpc-alts\1.49.2\grpc-alts-1.49.2.jar;C:\Users\claud\.m2\repository\io\grpc\grpc-grpclb\1.49.2\grpc-grpclb-1.49.2.jar;C:\Users\claud\.m2\repository\org\conscrypt\conscrypt-openjdk-uber\2.5.2\conscrypt-openjdk-uber-2.5.2.jar;C:\Users\claud\.m2\repository\io\grpc\grpc-auth\1.49.2\grpc-auth-1.49.2.jar;C:\Users\claud\.m2\repository\io\grpc\grpc-netty-shaded\1.49.2\grpc-netty-shaded-1.49.2.jar;C:\Users\claud\.m2\repository\io\perfmark\perfmark-api\0.25.0\perfmark-api-0.25.0.jar;C:\Users\claud\.m2\repository\io\grpc\grpc-core\1.49.2\grpc-core-1.49.2.jar;C:\Users\claud\.m2\repository\com\google\android\annotations\4.1.1.4\annotations-4.1.1.4.jar;C:\Users\claud\.m2\repository\org\codehaus\mojo\animal-sniffer-annotations\1.22\animal-sniffer-annotations-1.22.jar;C:\Users\claud\.m2\repository\io\grpc\grpc-googleapis\1.49.2\grpc-googleapis-1.49.2.jar;C:\Users\claud\.m2\repository\io\grpc\grpc-xds\1.49.2\grpc-xds-1.49.2.jar;C:\Users\claud\.m2\repository\io\opencensus\opencensus-proto\0.2.0\opencensus-proto-0.2.0.jar;C:\Users\claud\.m2\repository\io\grpc\grpc-services\1.49.2\grpc-services-1.49.2.jar;C:\Users\claud\.m2\repository\com\google\re2j\re2j\1.6\re2j-1.6.jar;C:\Users\claud\.m2\repository\com\google\api\gax-httpjson\0.104.2\gax-httpjson-0.104.2.jar;C:\Users\claud\.m2\repository\com\google\code\gson\gson\2.9.1\gson-2.9.1.jar;C:\Users\claud\.m2\repository\org\threeten\threetenbp\1.6.2\threetenbp-1.6.2.jar;C:\Users\claud\.m2\repository\com\google\cloud\google-cloud-core\2.8.20\google-cloud-core-2.8.20.jar;C:\Users\claud\.m2\repository\com\google\auto\value\auto-value-annotations\1.9\auto-value-annotations-1.9.jar;C:\Users\claud\.m2\repository\com\google\protobuf\protobuf-java-util\3.21.7\protobuf-java-util-3.21.7.jar;C:\Users\claud\.m2\repository\com\google\api\grpc\proto-google-iam-v1\1.6.2\proto-google-iam-v1-1.6.2.jar;C:\Users\claud\.m2\repository\com\google\http-client\google-http-client-gson\1.42.2\google-http-client-gson-1.42.2.jar;C:\Users\claud\.m2\repository\com\google\cloud\google-cloud-core-http\2.8.20\google-cloud-core-http-2.8.20.jar;C:\Users\claud\.m2\repository\com\google\api-client\google-api-client\2.0.0\google-api-client-2.0.0.jar;C:\Users\claud\.m2\repository\com\google\oauth-client\google-oauth-client\1.34.1\google-oauth-client-1.34.1.jar;C:\Users\claud\.m2\repository\com\google\http-client\google-http-client-apache-v2\1.42.2\google-http-client-apache-v2-1.42.2.jar;C:\Users\claud\.m2\repository\com\google\http-client\google-http-client-appengine\1.42.2\google-http-client-appengine-1.42.2.jar;C:\Users\claud\.m2\repository\io\opencensus\opencensus-api\0.31.1\opencensus-api-0.31.1.jar;C:\Users\claud\.m2\repository\io\opencensus\opencensus-contrib-http-util\0.31.1\opencensus-contrib-http-util-0.31.1.jar;C:\Users\claud\.m2\repository\com\google\apis\google-api-services-translate\v2-rev20170525-2.0.0\google-api-services-translate-v2-rev20170525-2.0.0.jar;C:\Users\claud\.m2\repository\com\google\auth\google-auth-library-credentials\1.11.0\google-auth-library-credentials-1.11.0.jar;C:\Users\claud\.m2\repository\com\google\auth\google-auth-library-oauth2-http\1.11.0\google-auth-library-oauth2-http-1.11.0.jar;C:\Users\claud\.m2\repository\com\google\http-client\google-http-client\1.42.2\google-http-client-1.42.2.jar;C:\Users\claud\.m2\repository\org\apache\httpcomponents\httpclient\4.5.13\httpclient-4.5.13.jar;C:\Users\claud\.m2\repository\commons-logging\commons-logging\1.2\commons-logging-1.2.jar;C:\Users\claud\.m2\repository\commons-codec\commons-codec\1.15\commons-codec-1.15.jar;C:\Users\claud\.m2\repository\org\apache\httpcomponents\httpcore\4.4.15\httpcore-4.4.15.jar;C:\Users\claud\.m2\repository\com\google\http-client\google-http-client-jackson2\1.42.2\google-http-client-jackson2-1.42.2.jar;C:\Users\claud\.m2\repository\com\fasterxml\jackson\core\jackson-core\2.13.4\jackson-core-2.13.4.jar;C:\Users\claud\.m2\repository\com\fasterxml\jackson\core\jackson-databind\2.10.0.pr2\jackson-databind-2.10.0.pr2.jar;C:\Users\claud\.m2\repository\com\fasterxml\jackson\core\jackson-annotations\2.10.0.pr2\jackson-annotations-2.10.0.pr2.jar;C:\Users\claud\.m2\repository\org\jacoco\jacoco-maven-plugin\0.8.6\jacoco-maven-plugin-0.8.6.jar;C:\Users\claud\.m2\repository\org\apache\maven\maven-plugin-api\3.0\maven-plugin-api-3.0.jar;C:\Users\claud\.m2\repository\org\apache\maven\maven-model\3.0\maven-model-3.0.jar;C:\Users\claud\.m2\repository\org\apache\maven\maven-artifact\3.0\maven-artifact-3.0.jar;C:\Users\claud\.m2\repository\org\sonatype\sisu\sisu-inject-plexus\1.4.2\sisu-inject-plexus-1.4.2.jar;C:\Users\claud\.m2\repository\org\sonatype\sisu\sisu-inject-bean\1.4.2\sisu-inject-bean-1.4.2.jar;C:\Users\claud\.m2\repository\org\sonatype\sisu\sisu-guice\2.1.7\sisu-guice-2.1.7-noaop.jar;C:\Users\claud\.m2\repository\org\apache\maven\maven-core\3.0\maven-core-3.0.jar;C:\Users\claud\.m2\repository\org\apache\maven\maven-settings\3.0\maven-settings-3.0.jar;C:\Users\claud\.m2\repository\org\apache\maven\maven-settings-builder\3.0\maven-settings-builder-3.0.jar;C:\Users\claud\.m2\repository\org\apache\maven\maven-repository-metadata\3.0\maven-repository-metadata-3.0.jar;C:\Users\claud\.m2\repository\org\apache\maven\maven-model-builder\3.0\maven-model-builder-3.0.jar;C:\Users\claud\.m2\repository\org\apache\maven\maven-aether-provider\3.0\maven-aether-provider-3.0.jar;C:\Users\claud\.m2\repository\org\sonatype\aether\aether-impl\1.7\aether-impl-1.7.jar;C:\Users\claud\.m2\repository\org\sonatype\aether\aether-spi\1.7\aether-spi-1.7.jar;C:\Users\claud\.m2\repository\org\sonatype\aether\aether-api\1.7\aether-api-1.7.jar;C:\Users\claud\.m2\repository\org\sonatype\aether\aether-util\1.7\aether-util-1.7.jar;C:\Users\claud\.m2\repository\org\codehaus\plexus\plexus-interpolation\1.14\plexus-interpolation-1.14.jar;C:\Users\claud\.m2\repository\org\codehaus\plexus\plexus-classworlds\2.2.3\plexus-classworlds-2.2.3.jar;C:\Users\claud\.m2\repository\org\codehaus\plexus\plexus-component-annotations\1.5.5\plexus-component-annotations-1.5.5.jar;C:\Users\claud\.m2\repository\org\sonatype\plexus\plexus-sec-dispatcher\1.3\plexus-sec-dispatcher-1.3.jar;C:\Users\claud\.m2\repository\org\sonatype\plexus\plexus-cipher\1.4\plexus-cipher-1.4.jar;C:\Users\claud\.m2\repository\org\codehaus\plexus\plexus-utils\3.0.22\plexus-utils-3.0.22.jar;C:\Users\claud\.m2\repository\org\apache\maven\shared\file-management\1.2.1\file-management-1.2.1.jar;C:\Users\claud\.m2\repository\org\apache\maven\shared\maven-shared-io\1.1\maven-shared-io-1.1.jar;C:\Users\claud\.m2\repository\org\apache\maven\maven-artifact-manager\2.0.2\maven-artifact-manager-2.0.2.jar;C:\Users\claud\.m2\repository\org\apache\maven\wagon\wagon-provider-api\1.0-alpha-6\wagon-provider-api-1.0-alpha-6.jar;C:\Users\claud\.m2\repository\org\codehaus\plexus\plexus-container-default\1.0-alpha-9\plexus-container-default-1.0-alpha-9.jar;C:\Users\claud\.m2\repository\classworlds\classworlds\1.1-alpha-2\classworlds-1.1-alpha-2.jar;C:\Users\claud\.m2\repository\org\apache\maven\reporting\maven-reporting-api\3.0\maven-reporting-api-3.0.jar;C:\Users\claud\.m2\repository\org\apache\maven\doxia\doxia-sink-api\1.0\doxia-sink-api-1.0.jar;C:\Users\claud\.m2\repository\org\apache\maven\reporting\maven-reporting-impl\2.1\maven-reporting-impl-2.1.jar;C:\Users\claud\.m2\repository\org\apache\maven\maven-project\2.0.10\maven-project-2.0.10.jar;C:\Users\claud\.m2\repository\org\apache\maven\maven-profile\2.0.10\maven-profile-2.0.10.jar;C:\Users\claud\.m2\repository\org\apache\maven\maven-plugin-registry\2.0.10\maven-plugin-registry-2.0.10.jar;C:\Users\claud\.m2\repository\org\apache\maven\doxia\doxia-core\1.1.2\doxia-core-1.1.2.jar;C:\Users\claud\.m2\repository\org\apache\maven\doxia\doxia-logging-api\1.1.2\doxia-logging-api-1.1.2.jar;C:\Users\claud\.m2\repository\xerces\xercesImpl\2.8.1\xercesImpl-2.8.1.jar;C:\Users\claud\.m2\repository\commons-lang\commons-lang\2.4\commons-lang-2.4.jar;C:\Users\claud\.m2\repository\commons-httpclient\commons-httpclient\3.1\commons-httpclient-3.1.jar;C:\Users\claud\.m2\repository\org\apache\maven\doxia\doxia-site-renderer\1.1.2\doxia-site-renderer-1.1.2.jar;C:\Users\claud\.m2\repository\org\apache\maven\doxia\doxia-decoration-model\1.1.2\doxia-decoration-model-1.1.2.jar;C:\Users\claud\.m2\repository\org\apache\maven\doxia\doxia-module-xhtml\1.1.2\doxia-module-xhtml-1.1.2.jar;C:\Users\claud\.m2\repository\org\apache\maven\doxia\doxia-module-fml\1.1.2\doxia-module-fml-1.1.2.jar;C:\Users\claud\.m2\repository\org\codehaus\plexus\plexus-i18n\1.0-beta-7\plexus-i18n-1.0-beta-7.jar;C:\Users\claud\.m2\repository\org\codehaus\plexus\plexus-velocity\1.1.7\plexus-velocity-1.1.7.jar;C:\Users\claud\.m2\repository\org\apache\velocity\velocity\1.5\velocity-1.5.jar;C:\Users\claud\.m2\repository\commons-collections\commons-collections\3.2\commons-collections-3.2.jar;C:\Users\claud\.m2\repository\commons-validator\commons-validator\1.2.0\commons-validator-1.2.0.jar;C:\Users\claud\.m2\repository\commons-beanutils\commons-beanutils\1.7.0\commons-beanutils-1.7.0.jar;C:\Users\claud\.m2\repository\commons-digester\commons-digester\1.6\commons-digester-1.6.jar;C:\Users\claud\.m2\repository\oro\oro\2.0.8\oro-2.0.8.jar;C:\Users\claud\.m2\repository\xml-apis\xml-apis\1.0.b2\xml-apis-1.0.b2.jar;C:\Users\claud\.m2\repository\org\jacoco\org.jacoco.agent\0.8.6\org.jacoco.agent-0.8.6-runtime.jar;C:\Users\claud\.m2\repository\org\jacoco\org.jacoco.core\0.8.6\org.jacoco.core-0.8.6.jar;C:\Users\claud\.m2\repository\org\ow2\asm\asm\8.0.1\asm-8.0.1.jar;C:\Users\claud\.m2\repository\org\ow2\asm\asm-commons\8.0.1\asm-commons-8.0.1.jar;C:\Users\claud\.m2\repository\org\ow2\asm\asm-analysis\8.0.1\asm-analysis-8.0.1.jar;C:\Users\claud\.m2\repository\org\ow2\asm\asm-tree\8.0.1\asm-tree-8.0.1.jar;C:\Users\claud\.m2\repository\org\jacoco\org.jacoco.report\0.8.6\org.jacoco.report-0.8.6.jar;C:\Users\claud\.m2\repository\org\mockito\mockito-core\3.7.0\mockito-core-3.7.0.jar;C:\Users\claud\.m2\repository\net\bytebuddy\byte-buddy\1.10.19\byte-buddy-1.10.19.jar;C:\Users\claud\.m2\repository\net\bytebuddy\byte-buddy-agent\1.10.19\byte-buddy-agent-1.10.19.jar;C:\Users\claud\.m2\repository\org\objenesis\objenesis\3.1\objenesis-3.1.jar;"/>
    <property name="java.vm.vendor" value="Amazon.com Inc."/>
    <property name="sun.arch.data.model" value="64"/>
    <property name="user.variant" value=""/>
    <property name="java.vendor.url" value="https://aws.amazon.com/corretto/"/>
    <property name="user.timezone" value="Europe/Vienna"/>
    <property name="os.name" value="Windows 11"/>
    <property name="java.vm.specification.version" value="17"/>
    <property name="sun.java.launcher" value="SUN_STANDARD"/>
    <property name="user.country" value="AT"/>
    <property name="sun.boot.library.path" value="C:\Users\claud\.jdks\corretto-17.0.6\bin"/>
    <property name="sun.java.command" value="C:\Users\claud\AppData\Local\Temp\surefire17868133521480107613\surefirebooter8318660982963581079.jar C:\Users\claud\AppData\Local\Temp\surefire17868133521480107613 2023-04-23T22-20-34_156-jvmRun1 surefire10584060975841584695tmp surefire_018069163515121962341tmp"/>
    <property name="jdk.debug" value="release"/>
    <property name="surefire.test.class.path" value="C:\Users\claud\OneDrive\Anlagen\Uni\Master\1. Semester\Clean Code\assignment_1\CC_LeitTHau\target\test-classes;C:\Users\claud\OneDrive\Anlagen\Uni\Master\1. Semester\Clean Code\assignment_1\CC_LeitTHau\target\classes;C:\Users\claud\.m2\repository\junit\junit\4.13.2\junit-4.13.2.jar;C:\Users\claud\.m2\repository\org\hamcrest\hamcrest-core\1.3\hamcrest-core-1.3.jar;C:\Users\claud\.m2\repository\com\google\cloud\google-cloud-translate\2.3.5\google-cloud-translate-2.3.5.jar;C:\Users\claud\.m2\repository\io\grpc\grpc-api\1.49.2\grpc-api-1.49.2.jar;C:\Users\claud\.m2\repository\io\grpc\grpc-context\1.49.2\grpc-context-1.49.2.jar;C:\Users\claud\.m2\repository\com\google\code\findbugs\jsr305\3.0.2\jsr305-3.0.2.jar;C:\Users\claud\.m2\repository\com\google\errorprone\error_prone_annotations\2.15.0\error_prone_annotations-2.15.0.jar;C:\Users\claud\.m2\repository\io\grpc\grpc-stub\1.49.2\grpc-stub-1.49.2.jar;C:\Users\claud\.m2\repository\io\grpc\grpc-protobuf\1.49.2\grpc-protobuf-1.49.2.jar;C:\Users\claud\.m2\repository\io\grpc\grpc-protobuf-lite\1.49.2\grpc-protobuf-lite-1.49.2.jar;C:\Users\claud\.m2\repository\com\google\api\api-common\2.2.1\api-common-2.2.1.jar;C:\Users\claud\.m2\repository\javax\annotation\javax.annotation-api\1.3.2\javax.annotation-api-1.3.2.jar;C:\Users\claud\.m2\repository\com\google\protobuf\protobuf-java\3.21.7\protobuf-java-3.21.7.jar;C:\Users\claud\.m2\repository\com\google\api\grpc\proto-google-common-protos\2.9.6\proto-google-common-protos-2.9.6.jar;C:\Users\claud\.m2\repository\com\google\api\grpc\proto-google-cloud-translate-v3beta1\0.85.5\proto-google-cloud-translate-v3beta1-0.85.5.jar;C:\Users\claud\.m2\repository\com\google\api\grpc\proto-google-cloud-translate-v3\2.3.5\proto-google-cloud-translate-v3-2.3.5.jar;C:\Users\claud\.m2\repository\com\google\guava\guava\31.1-jre\guava-31.1-jre.jar;C:\Users\claud\.m2\repository\com\google\guava\failureaccess\1.0.1\failureaccess-1.0.1.jar;C:\Users\claud\.m2\repository\com\google\guava\listenablefuture\9999.0-empty-to-avoid-conflict-with-guava\listenablefuture-9999.0-empty-to-avoid-conflict-with-guava.jar;C:\Users\claud\.m2\repository\org\checkerframework\checker-qual\3.25.0\checker-qual-3.25.0.jar;C:\Users\claud\.m2\repository\com\google\j2objc\j2objc-annotations\1.3\j2objc-annotations-1.3.jar;C:\Users\claud\.m2\repository\com\google\api\gax\2.19.2\gax-2.19.2.jar;C:\Users\claud\.m2\repository\com\google\api\gax-grpc\2.19.2\gax-grpc-2.19.2.jar;C:\Users\claud\.m2\repository\io\grpc\grpc-alts\1.49.2\grpc-alts-1.49.2.jar;C:\Users\claud\.m2\repository\io\grpc\grpc-grpclb\1.49.2\grpc-grpclb-1.49.2.jar;C:\Users\claud\.m2\repository\org\conscrypt\conscrypt-openjdk-uber\2.5.2\conscrypt-openjdk-uber-2.5.2.jar;C:\Users\claud\.m2\repository\io\grpc\grpc-auth\1.49.2\grpc-auth-1.49.2.jar;C:\Users\claud\.m2\repository\io\grpc\grpc-netty-shaded\1.49.2\grpc-netty-shaded-1.49.2.jar;C:\Users\claud\.m2\repository\io\perfmark\perfmark-api\0.25.0\perfmark-api-0.25.0.jar;C:\Users\claud\.m2\repository\io\grpc\grpc-core\1.49.2\grpc-core-1.49.2.jar;C:\Users\claud\.m2\repository\com\google\android\annotations\4.1.1.4\annotations-4.1.1.4.jar;C:\Users\claud\.m2\repository\org\codehaus\mojo\animal-sniffer-annotations\1.22\animal-sniffer-annotations-1.22.jar;C:\Users\claud\.m2\repository\io\grpc\grpc-googleapis\1.49.2\grpc-googleapis-1.49.2.jar;C:\Users\claud\.m2\repository\io\grpc\grpc-xds\1.49.2\grpc-xds-1.49.2.jar;C:\Users\claud\.m2\repository\io\opencensus\opencensus-proto\0.2.0\opencensus-proto-0.2.0.jar;C:\Users\claud\.m2\repository\io\grpc\grpc-services\1.49.2\grpc-services-1.49.2.jar;C:\Users\claud\.m2\repository\com\google\re2j\re2j\1.6\re2j-1.6.jar;C:\Users\claud\.m2\repository\com\google\api\gax-httpjson\0.104.2\gax-httpjson-0.104.2.jar;C:\Users\claud\.m2\repository\com\google\code\gson\gson\2.9.1\gson-2.9.1.jar;C:\Users\claud\.m2\repository\org\threeten\threetenbp\1.6.2\threetenbp-1.6.2.jar;C:\Users\claud\.m2\repository\com\google\cloud\google-cloud-core\2.8.20\google-cloud-core-2.8.20.jar;C:\Users\claud\.m2\repository\com\google\auto\value\auto-value-annotations\1.9\auto-value-annotations-1.9.jar;C:\Users\claud\.m2\repository\com\google\protobuf\protobuf-java-util\3.21.7\protobuf-java-util-3.21.7.jar;C:\Users\claud\.m2\repository\com\google\api\grpc\proto-google-iam-v1\1.6.2\proto-google-iam-v1-1.6.2.jar;C:\Users\claud\.m2\repository\com\google\http-client\google-http-client-gson\1.42.2\google-http-client-gson-1.42.2.jar;C:\Users\claud\.m2\repository\com\google\cloud\google-cloud-core-http\2.8.20\google-cloud-core-http-2.8.20.jar;C:\Users\claud\.m2\repository\com\google\api-client\google-api-client\2.0.0\google-api-client-2.0.0.jar;C:\Users\claud\.m2\repository\com\google\oauth-client\google-oauth-client\1.34.1\google-oauth-client-1.34.1.jar;C:\Users\claud\.m2\repository\com\google\http-client\google-http-client-apache-v2\1.42.2\google-http-client-apache-v2-1.42.2.jar;C:\Users\claud\.m2\repository\com\google\http-client\google-http-client-appengine\1.42.2\google-http-client-appengine-1.42.2.jar;C:\Users\claud\.m2\repository\io\opencensus\opencensus-api\0.31.1\opencensus-api-0.31.1.jar;C:\Users\claud\.m2\repository\io\opencensus\opencensus-contrib-http-util\0.31.1\opencensus-contrib-http-util-0.31.1.jar;C:\Users\claud\.m2\repository\com\google\apis\google-api-services-translate\v2-rev20170525-2.0.0\google-api-services-translate-v2-rev20170525-2.0.0.jar;C:\Users\claud\.m2\repository\com\google\auth\google-auth-library-credentials\1.11.0\google-auth-library-credentials-1.11.0.jar;C:\Users\claud\.m2\repository\com\google\auth\google-auth-library-oauth2-http\1.11.0\google-auth-library-oauth2-http-1.11.0.jar;C:\Users\claud\.m2\repository\com\google\http-client\google-http-client\1.42.2\google-http-client-1.42.2.jar;C:\Users\claud\.m2\repository\org\apache\httpcomponents\httpclient\4.5.13\httpclient-4.5.13.jar;C:\Users\claud\.m2\repository\commons-logging\commons-logging\1.2\commons-logging-1.2.jar;C:\Users\claud\.m2\repository\commons-codec\commons-codec\1.15\commons-codec-1.15.jar;C:\Users\claud\.m2\repository\org\apache\httpcomponents\httpcore\4.4.15\httpcore-4.4.15.jar;C:\Users\claud\.m2\repository\com\google\http-client\google-http-client-jackson2\1.42.2\google-http-client-jackson2-1.42.2.jar;C:\Users\claud\.m2\repository\com\fasterxml\jackson\core\jackson-core\2.13.4\jackson-core-2.13.4.jar;C:\Users\claud\.m2\repository\com\fasterxml\jackson\core\jackson-databind\2.10.0.pr2\jackson-databind-2.10.0.pr2.jar;C:\Users\claud\.m2\repository\com\fasterxml\jackson\core\jackson-annotations\2.10.0.pr2\jackson-annotations-2.10.0.pr2.jar;C:\Users\claud\.m2\repository\org\jacoco\jacoco-maven-plugin\0.8.6\jacoco-maven-plugin-0.8.6.jar;C:\Users\claud\.m2\repository\org\apache\maven\maven-plugin-api\3.0\maven-plugin-api-3.0.jar;C:\Users\claud\.m2\repository\org\apache\maven\maven-model\3.0\maven-model-3.0.jar;C:\Users\claud\.m2\repository\org\apache\maven\maven-artifact\3.0\maven-artifact-3.0.jar;C:\Users\claud\.m2\repository\org\sonatype\sisu\sisu-inject-plexus\1.4.2\sisu-inject-plexus-1.4.2.jar;C:\Users\claud\.m2\repository\org\sonatype\sisu\sisu-inject-bean\1.4.2\sisu-inject-bean-1.4.2.jar;C:\Users\claud\.m2\repository\org\sonatype\sisu\sisu-guice\2.1.7\sisu-guice-2.1.7-noaop.jar;C:\Users\claud\.m2\repository\org\apache\maven\maven-core\3.0\maven-core-3.0.jar;C:\Users\claud\.m2\repository\org\apache\maven\maven-settings\3.0\maven-settings-3.0.jar;C:\Users\claud\.m2\repository\org\apache\maven\maven-settings-builder\3.0\maven-settings-builder-3.0.jar;C:\Users\claud\.m2\repository\org\apache\maven\maven-repository-metadata\3.0\maven-repository-metadata-3.0.jar;C:\Users\claud\.m2\repository\org\apache\maven\maven-model-builder\3.0\maven-model-builder-3.0.jar;C:\Users\claud\.m2\repository\org\apache\maven\maven-aether-provider\3.0\maven-aether-provider-3.0.jar;C:\Users\claud\.m2\repository\org\sonatype\aether\aether-impl\1.7\aether-impl-1.7.jar;C:\Users\claud\.m2\repository\org\sonatype\aether\aether-spi\1.7\aether-spi-1.7.jar;C:\Users\claud\.m2\repository\org\sonatype\aether\aether-api\1.7\aether-api-1.7.jar;C:\Users\claud\.m2\repository\org\sonatype\aether\aether-util\1.7\aether-util-1.7.jar;C:\Users\claud\.m2\repository\org\codehaus\plexus\plexus-interpolation\1.14\plexus-interpolation-1.14.jar;C:\Users\claud\.m2\repository\org\codehaus\plexus\plexus-classworlds\2.2.3\plexus-classworlds-2.2.3.jar;C:\Users\claud\.m2\repository\org\codehaus\plexus\plexus-component-annotations\1.5.5\plexus-component-annotations-1.5.5.jar;C:\Users\claud\.m2\repository\org\sonatype\plexus\plexus-sec-dispatcher\1.3\plexus-sec-dispatcher-1.3.jar;C:\Users\claud\.m2\repository\org\sonatype\plexus\plexus-cipher\1.4\plexus-cipher-1.4.jar;C:\Users\claud\.m2\repository\org\codehaus\plexus\plexus-utils\3.0.22\plexus-utils-3.0.22.jar;C:\Users\claud\.m2\repository\org\apache\maven\shared\file-management\1.2.1\file-management-1.2.1.jar;C:\Users\claud\.m2\repository\org\apache\maven\shared\maven-shared-io\1.1\maven-shared-io-1.1.jar;C:\Users\claud\.m2\repository\org\apache\maven\maven-artifact-manager\2.0.2\maven-artifact-manager-2.0.2.jar;C:\Users\claud\.m2\repository\org\apache\maven\wagon\wagon-provider-api\1.0-alpha-6\wagon-provider-api-1.0-alpha-6.jar;C:\Users\claud\.m2\repository\org\codehaus\plexus\plexus-container-default\1.0-alpha-9\plexus-container-default-1.0-alpha-9.jar;C:\Users\claud\.m2\repository\classworlds\classworlds\1.1-alpha-2\classworlds-1.1-alpha-2.jar;C:\Users\claud\.m2\repository\org\apache\maven\reporting\maven-reporting-api\3.0\maven-reporting-api-3.0.jar;C:\Users\claud\.m2\repository\org\apache\maven\doxia\doxia-sink-api\1.0\doxia-sink-api-1.0.jar;C:\Users\claud\.m2\repository\org\apache\maven\reporting\maven-reporting-impl\2.1\maven-reporting-impl-2.1.jar;C:\Users\claud\.m2\repository\org\apache\maven\maven-project\2.0.10\maven-project-2.0.10.jar;C:\Users\claud\.m2\repository\org\apache\maven\maven-profile\2.0.10\maven-profile-2.0.10.jar;C:\Users\claud\.m2\repository\org\apache\maven\maven-plugin-registry\2.0.10\maven-plugin-registry-2.0.10.jar;C:\Users\claud\.m2\repository\org\apache\maven\doxia\doxia-core\1.1.2\doxia-core-1.1.2.jar;C:\Users\claud\.m2\repository\org\apache\maven\doxia\doxia-logging-api\1.1.2\doxia-logging-api-1.1.2.jar;C:\Users\claud\.m2\repository\xerces\xercesImpl\2.8.1\xercesImpl-2.8.1.jar;C:\Users\claud\.m2\repository\commons-lang\commons-lang\2.4\commons-lang-2.4.jar;C:\Users\claud\.m2\repository\commons-httpclient\commons-httpclient\3.1\commons-httpclient-3.1.jar;C:\Users\claud\.m2\repository\org\apache\maven\doxia\doxia-site-renderer\1.1.2\doxia-site-renderer-1.1.2.jar;C:\Users\claud\.m2\repository\org\apache\maven\doxia\doxia-decoration-model\1.1.2\doxia-decoration-model-1.1.2.jar;C:\Users\claud\.m2\repository\org\apache\maven\doxia\doxia-module-xhtml\1.1.2\doxia-module-xhtml-1.1.2.jar;C:\Users\claud\.m2\repository\org\apache\maven\doxia\doxia-module-fml\1.1.2\doxia-module-fml-1.1.2.jar;C:\Users\claud\.m2\repository\org\codehaus\plexus\plexus-i18n\1.0-beta-7\plexus-i18n-1.0-beta-7.jar;C:\Users\claud\.m2\repository\org\codehaus\plexus\plexus-velocity\1.1.7\plexus-velocity-1.1.7.jar;C:\Users\claud\.m2\repository\org\apache\velocity\velocity\1.5\velocity-1.5.jar;C:\Users\claud\.m2\repository\commons-collections\commons-collections\3.2\commons-collections-3.2.jar;C:\Users\claud\.m2\repository\commons-validator\commons-validator\1.2.0\commons-validator-1.2.0.jar;C:\Users\claud\.m2\repository\commons-beanutils\commons-beanutils\1.7.0\commons-beanutils-1.7.0.jar;C:\Users\claud\.m2\repository\commons-digester\commons-digester\1.6\commons-digester-1.6.jar;C:\Users\claud\.m2\repository\oro\oro\2.0.8\oro-2.0.8.jar;C:\Users\claud\.m2\repository\xml-apis\xml-apis\1.0.b2\xml-apis-1.0.b2.jar;C:\Users\claud\.m2\repository\org\jacoco\org.jacoco.agent\0.8.6\org.jacoco.agent-0.8.6-runtime.jar;C:\Users\claud\.m2\repository\org\jacoco\org.jacoco.core\0.8.6\org.jacoco.core-0.8.6.jar;C:\Users\claud\.m2\repository\org\ow2\asm\asm\8.0.1\asm-8.0.1.jar;C:\Users\claud\.m2\repository\org\ow2\asm\asm-commons\8.0.1\asm-commons-8.0.1.jar;C:\Users\claud\.m2\repository\org\ow2\asm\asm-analysis\8.0.1\asm-analysis-8.0.1.jar;C:\Users\claud\.m2\repository\org\ow2\asm\asm-tree\8.0.1\asm-tree-8.0.1.jar;C:\Users\claud\.m2\repository\org\jacoco\org.jacoco.report\0.8.6\org.jacoco.report-0.8.6.jar;C:\Users\claud\.m2\repository\org\mockito\mockito-core\3.7.0\mockito-core-3.7.0.jar;C:\Users\claud\.m2\repository\net\bytebuddy\byte-buddy\1.10.19\byte-buddy-1.10.19.jar;C:\Users\claud\.m2\repository\net\bytebuddy\byte-buddy-agent\1.10.19\byte-buddy-agent-1.10.19.jar;C:\Users\claud\.m2\repository\org\objenesis\objenesis\3.1\objenesis-3.1.jar;"/>
    <property name="sun.cpu.endian" value="little"/>
    <property name="user.home" value="C:\Users\claud"/>
    <property name="user.language" value="de"/>
    <property name="java.specification.vendor" value="Oracle Corporation"/>
    <property name="java.version.date" value="2023-01-17"/>
    <property name="java.home" value="C:\Users\claud\.jdks\corretto-17.0.6"/>
    <property name="file.separator" value="\"/>
    <property name="basedir" value="C:\Users\claud\OneDrive\Anlagen\Uni\Master\1. Semester\Clean Code\assignment_1\CC_LeitTHau"/>
    <property name="java.vm.compressedOopsMode" value="Zero based"/>
    <property name="line.separator" value="&#10;"/>
    <property name="java.vm.specification.vendor" value="Oracle Corporation"/>
    <property name="java.specification.name" value="Java Platform API Specification"/>
    <property name="surefire.real.class.path" value="C:\Users\claud\AppData\Local\Temp\surefire17868133521480107613\surefirebooter8318660982963581079.jar"/>
    <property name="user.script" value=""/>
    <property name="sun.management.compiler" value="HotSpot 64-Bit Tiered Compilers"/>
    <property name="java.runtime.version" value="17.0.6+10-LTS"/>
    <property name="user.name" value="claud"/>
    <property name="path.separator" value=";"/>
    <property name="os.version" value="10.0"/>
    <property name="java.runtime.name" value="OpenJDK Runtime Environment"/>
    <property name="file.encoding" value="Cp1252"/>
    <property name="java.vm.name" value="OpenJDK 64-Bit Server VM"/>
    <property name="java.vendor.version" value="Corretto-17.0.6.10.1"/>
    <property name="localRepository" value="C:\Users\claud\.m2\repository"/>
    <property name="java.vendor.url.bug" value="https://github.com/corretto/corretto-17/issues/"/>
    <property name="java.io.tmpdir" value="C:\Users\claud\AppData\Local\Temp\"/>
    <property name="idea.version" value="2022.3"/>
    <property name="java.version" value="17.0.6"/>
    <property name="user.dir" value="C:\Users\claud\OneDrive\Anlagen\Uni\Master\1. Semester\Clean Code\assignment_1\CC_LeitTHau"/>
    <property name="os.arch" value="amd64"/>
    <property name="java.vm.specification.name" value="Java Virtual Machine Specification"/>
    <property name="sun.os.patch.level" value=""/>
    <property name="native.encoding" value="Cp1252"/>
    <property name="java.library.path" value="C:\Users\claud\.jdks\corretto-17.0.6\bin;C:\WINDOWS\Sun\Java\bin;C:\WINDOWS\system32;C:\WINDOWS;C:\Windows\system32;C:\Windows;C:\Windows\System32\Wbem;C:\Windows\System32\WindowsPowerShell\v1.0\;C:\Windows\System32\OpenSSH\;C:\Program Files (x86)\NVIDIA Corporation\PhysX\Common;C:\Program Files\NVIDIA Corporation\NVIDIA NvDLISR;C:\Program Files\Git\cmd;C:\Program Files\PuTTY\;%SystemRoot%\system32;%SystemRoot%;%SystemRoot%\System32\Wbem;%SYSTEMROOT%\System32\WindowsPowerShell\v1.0\;%SYSTEMROOT%\System32\OpenSSH\;C:\Users\claud\AppData\Local\Microsoft\WindowsApps;C:\Users\claud\AppData\Local\GitHubDesktop\bin;C:\Users\claud\.jdks\openjdk-18\bin;;C:\Users\claud\AppData\Local\Programs\Microsoft VS Code\bin;."/>
    <property name="java.vm.info" value="mixed mode, sharing"/>
    <property name="java.vendor" value="Amazon.com Inc."/>
    <property name="java.vm.version" value="17.0.6+10-LTS"/>
    <property name="sun.io.unicode.encoding" value="UnicodeLittle"/>
    <property name="java.class.version" value="61.0"/>
  </properties>
  <testcase name="getMarkdownStringTest" classname="MarkdownFactoryTest" time="0.662"/>
  <testcase name="checkCreatedMarkdownFile" classname="MarkdownFactoryTest" time="0"/>
  <testcase name="getFormatTest" classname="MarkdownFactoryTest" time="0.001"/>
  <testcase name="createMarkdownFileNoPathTest" classname="MarkdownFactoryTest" time="0.003"/>
  <testcase name="getMarkdownStringVerifyTest" classname="MarkdownFactoryTest" time="0.001"/>
  <testcase name="getFormatVerifyTest" classname="MarkdownFactoryTest" time="0.002"/>
</testsuite>